<?xml version="1.0" encoding="UTF-8"?>
<testng-results ignored="0" total="2" passed="0" failed="2" skipped="0">
  <reporter-output>
    <line>
      <![CDATA[Test1---TestScript excution start from hear---]]>
    </line>
    <line>
      <![CDATA[Test1---TestScript excution start from hear---]]>
    </line>
    <line>
      <![CDATA[Test123/11/2023 14-02-34----->TestScript execution failed]]>
    </line>
    <line>
      <![CDATA[Test123/11/2023 14-02-34----->TestScript execution failed]]>
    </line>
  </reporter-output>
  <suite started-at="2023-11-23T14:02:24 IST" name="Suite" finished-at="2023-11-23T14:02:36 IST" duration-ms="11913">
    <groups>
    </groups>
    <test started-at="2023-11-23T14:02:24 IST" name="Test2" finished-at="2023-11-23T14:02:36 IST" duration-ms="11885">
      <class name="com.doctor.admincanchangepasword">
        <test-method is-config="true" signature="cofig_DB()[pri:0, instance:com.doctor.admincanchangepasword@4c60d6e9]" started-at="2023-11-23T14:02:23 IST" name="cofig_DB" finished-at="2023-11-23T14:02:24 IST" duration-ms="524" status="PASS">
          <reporter-output>
          </reporter-output>
        </test-method> <!-- cofig_DB -->
        <test-method is-config="true" signature="cofig_BC(java.lang.String)[pri:0, instance:com.doctor.admincanchangepasword@4c60d6e9]" started-at="2023-11-23T14:02:24 IST" name="cofig_BC" finished-at="2023-11-23T14:02:31 IST" duration-ms="7094" status="PASS">
          <params>
            <param index="0">
              <value>
                <![CDATA[edge]]>
              </value>
            </param>
          </params>
          <reporter-output>
          </reporter-output>
        </test-method> <!-- cofig_BC -->
        <test-method is-config="true" signature="congig_BM()[pri:0, instance:com.doctor.admincanchangepasword@4c60d6e9]" started-at="2023-11-23T14:02:31 IST" name="congig_BM" finished-at="2023-11-23T14:02:34 IST" duration-ms="2298" status="PASS">
          <reporter-output>
          </reporter-output>
        </test-method> <!-- congig_BM -->
        <test-method signature="Test1()[pri:0, instance:com.doctor.admincanchangepasword@4c60d6e9]" started-at="2023-11-23T14:02:34 IST" name="Test1" finished-at="2023-11-23T14:02:34 IST" duration-ms="134" status="FAIL">
          <exception class="java.lang.AssertionError">
            <message>
              <![CDATA[null]]>
            </message>
            <full-stacktrace>
              <![CDATA[java.lang.AssertionError: null
at org.testng.Assert.fail(Assert.java:110)
at org.testng.Assert.fail(Assert.java:115)
at com.doctor.admincanchangepasword.Test1(admincanchangepasword.java:66)
at java.base/jdk.internal.reflect.NativeMethodAccessorImpl.invoke0(Native Method)
at java.base/jdk.internal.reflect.NativeMethodAccessorImpl.invoke(NativeMethodAccessorImpl.java:77)
at java.base/jdk.internal.reflect.DelegatingMethodAccessorImpl.invoke(DelegatingMethodAccessorImpl.java:43)
at java.base/java.lang.reflect.Method.invoke(Method.java:568)
at org.testng.internal.invokers.MethodInvocationHelper.invokeMethod(MethodInvocationHelper.java:139)
at org.testng.internal.invokers.TestInvoker.invokeMethod(TestInvoker.java:677)
at org.testng.internal.invokers.TestInvoker.invokeTestMethod(TestInvoker.java:221)
at org.testng.internal.invokers.MethodRunner.runInSequence(MethodRunner.java:50)
at org.testng.internal.invokers.TestInvoker$MethodInvocationAgent.invoke(TestInvoker.java:969)
at org.testng.internal.invokers.TestInvoker.invokeTestMethods(TestInvoker.java:194)
at org.testng.internal.invokers.TestMethodWorker.invokeTestMethods(TestMethodWorker.java:148)
at org.testng.internal.invokers.TestMethodWorker.run(TestMethodWorker.java:128)
at java.base/java.util.ArrayList.forEach(ArrayList.java:1511)
at org.testng.TestRunner.privateRun(TestRunner.java:829)
at org.testng.TestRunner.run(TestRunner.java:602)
at org.testng.SuiteRunner.runTest(SuiteRunner.java:437)
at org.testng.SuiteRunner$SuiteWorker.run(SuiteRunner.java:475)
at org.testng.internal.thread.ThreadUtil.lambda$execute$0(ThreadUtil.java:58)
at java.base/java.util.concurrent.FutureTask.run(FutureTask.java:264)
at java.base/java.util.concurrent.ThreadPoolExecutor.runWorker(ThreadPoolExecutor.java:1136)
at java.base/java.util.concurrent.ThreadPoolExecutor$Worker.run(ThreadPoolExecutor.java:635)
at java.base/java.lang.Thread.run(Thread.java:833)
]]>
            </full-stacktrace>
          </exception> <!-- java.lang.AssertionError -->
          <reporter-output>
            <line>
              <![CDATA[Test1---TestScript excution start from hear---]]>
            </line>
            <line>
              <![CDATA[Test123/11/2023 14-02-34----->TestScript execution failed]]>
            </line>
          </reporter-output>
        </test-method> <!-- Test1 -->
        <test-method is-config="true" signature="config_AM()[pri:0, instance:com.doctor.admincanchangepasword@4c60d6e9]" started-at="2023-11-23T14:02:34 IST" name="config_AM" finished-at="2023-11-23T14:02:35 IST" duration-ms="407" status="PASS">
          <reporter-output>
          </reporter-output>
        </test-method> <!-- config_AM -->
        <test-method is-config="true" signature="config_AC()[pri:0, instance:com.doctor.admincanchangepasword@4c60d6e9]" started-at="2023-11-23T14:02:35 IST" name="config_AC" finished-at="2023-11-23T14:02:36 IST" duration-ms="677" status="PASS">
          <reporter-output>
          </reporter-output>
        </test-method> <!-- config_AC -->
        <test-method is-config="true" signature="config_AS()[pri:0, instance:com.doctor.admincanchangepasword@4c60d6e9]" started-at="2023-11-23T14:02:36 IST" name="config_AS" finished-at="2023-11-23T14:02:36 IST" duration-ms="13" status="PASS">
          <reporter-output>
          </reporter-output>
        </test-method> <!-- config_AS -->
      </class> <!-- com.doctor.admincanchangepasword -->
    </test> <!-- Test2 -->
    <test started-at="2023-11-23T14:02:24 IST" name="Test1" finished-at="2023-11-23T14:02:36 IST" duration-ms="11913">
      <class name="com.doctor.admincanchangepasword">
        <test-method is-config="true" signature="cofig_BC(java.lang.String)[pri:0, instance:com.doctor.admincanchangepasword@298a5e20]" started-at="2023-11-23T14:02:24 IST" name="cofig_BC" finished-at="2023-11-23T14:02:31 IST" duration-ms="7082" status="PASS">
          <params>
            <param index="0">
              <value>
                <![CDATA[chrome]]>
              </value>
            </param>
          </params>
          <reporter-output>
          </reporter-output>
        </test-method> <!-- cofig_BC -->
        <test-method is-config="true" signature="congig_BM()[pri:0, instance:com.doctor.admincanchangepasword@298a5e20]" started-at="2023-11-23T14:02:31 IST" name="congig_BM" finished-at="2023-11-23T14:02:34 IST" duration-ms="2437" status="PASS">
          <reporter-output>
          </reporter-output>
        </test-method> <!-- congig_BM -->
        <test-method signature="Test1()[pri:0, instance:com.doctor.admincanchangepasword@298a5e20]" started-at="2023-11-23T14:02:34 IST" name="Test1" finished-at="2023-11-23T14:02:34 IST" duration-ms="4" status="FAIL">
          <exception class="java.lang.AssertionError">
            <message>
              <![CDATA[null]]>
            </message>
            <full-stacktrace>
              <![CDATA[java.lang.AssertionError: null
at org.testng.Assert.fail(Assert.java:110)
at org.testng.Assert.fail(Assert.java:115)
at com.doctor.admincanchangepasword.Test1(admincanchangepasword.java:66)
at java.base/jdk.internal.reflect.NativeMethodAccessorImpl.invoke0(Native Method)
at java.base/jdk.internal.reflect.NativeMethodAccessorImpl.invoke(NativeMethodAccessorImpl.java:77)
at java.base/jdk.internal.reflect.DelegatingMethodAccessorImpl.invoke(DelegatingMethodAccessorImpl.java:43)
at java.base/java.lang.reflect.Method.invoke(Method.java:568)
at org.testng.internal.invokers.MethodInvocationHelper.invokeMethod(MethodInvocationHelper.java:139)
at org.testng.internal.invokers.TestInvoker.invokeMethod(TestInvoker.java:677)
at org.testng.internal.invokers.TestInvoker.invokeTestMethod(TestInvoker.java:221)
at org.testng.internal.invokers.MethodRunner.runInSequence(MethodRunner.java:50)
at org.testng.internal.invokers.TestInvoker$MethodInvocationAgent.invoke(TestInvoker.java:969)
at org.testng.internal.invokers.TestInvoker.invokeTestMethods(TestInvoker.java:194)
at org.testng.internal.invokers.TestMethodWorker.invokeTestMethods(TestMethodWorker.java:148)
at org.testng.internal.invokers.TestMethodWorker.run(TestMethodWorker.java:128)
at java.base/java.util.ArrayList.forEach(ArrayList.java:1511)
at org.testng.TestRunner.privateRun(TestRunner.java:829)
at org.testng.TestRunner.run(TestRunner.java:602)
at org.testng.SuiteRunner.runTest(SuiteRunner.java:437)
at org.testng.SuiteRunner$SuiteWorker.run(SuiteRunner.java:475)
at org.testng.internal.thread.ThreadUtil.lambda$execute$0(ThreadUtil.java:58)
at java.base/java.util.concurrent.FutureTask.run(FutureTask.java:264)
at java.base/java.util.concurrent.ThreadPoolExecutor.runWorker(ThreadPoolExecutor.java:1136)
at java.base/java.util.concurrent.ThreadPoolExecutor$Worker.run(ThreadPoolExecutor.java:635)
at java.base/java.lang.Thread.run(Thread.java:833)
]]>
            </full-stacktrace>
          </exception> <!-- java.lang.AssertionError -->
          <reporter-output>
            <line>
              <![CDATA[Test1---TestScript excution start from hear---]]>
            </line>
            <line>
              <![CDATA[Test123/11/2023 14-02-34----->TestScript execution failed]]>
            </line>
          </reporter-output>
        </test-method> <!-- Test1 -->
        <test-method is-config="true" signature="config_AM()[pri:0, instance:com.doctor.admincanchangepasword@298a5e20]" started-at="2023-11-23T14:02:35 IST" name="config_AM" finished-at="2023-11-23T14:02:35 IST" duration-ms="514" status="PASS">
          <reporter-output>
          </reporter-output>
        </test-method> <!-- config_AM -->
        <test-method is-config="true" signature="config_AC()[pri:0, instance:com.doctor.admincanchangepasword@298a5e20]" started-at="2023-11-23T14:02:35 IST" name="config_AC" finished-at="2023-11-23T14:02:36 IST" duration-ms="337" status="PASS">
          <reporter-output>
          </reporter-output>
        </test-method> <!-- config_AC -->
      </class> <!-- com.doctor.admincanchangepasword -->
    </test> <!-- Test1 -->
  </suite> <!-- Suite -->
</testng-results>
